{
  "RSpec": {
    "coverage": {
      "/Users/cpfergus1/turing/module3/the-last-airbender/app/helpers/application_helper.rb": {
        "lines": [
          1,
          1,
          3,
          null,
          null,
          null,
          null,
          null,
          null,
          null
        ]
      },
      "/Users/cpfergus1/turing/module3/the-last-airbender/app/facades/search_facade.rb": {
        "lines": [
          1,
          null,
          1,
          4,
          80,
          null,
          null,
          null,
          null
        ]
      },
      "/Users/cpfergus1/turing/module3/the-last-airbender/app/services/search_service.rb": {
        "lines": [
          1,
          null,
          1,
          5,
          5,
          null,
          5,
          null,
          null,
          1,
          null,
          1,
          5,
          null,
          null,
          null
        ]
      },
      "/Users/cpfergus1/turing/module3/the-last-airbender/app/poros/character.rb": {
        "lines": [
          1,
          null,
          1,
          null,
          null,
          null,
          null,
          null,
          null,
          1,
          81,
          81,
          81,
          81,
          81,
          81,
          null,
          null,
          null
        ]
      },
      "/Users/cpfergus1/turing/module3/the-last-airbender/app/controllers/welcome_controller.rb": {
        "lines": [
          1,
          1,
          null,
          null
        ]
      },
      "/Users/cpfergus1/turing/module3/the-last-airbender/app/controllers/application_controller.rb": {
        "lines": [
          1,
          1,
          null
        ]
      },
      "/Users/cpfergus1/turing/module3/the-last-airbender/app/controllers/search_controller.rb": {
        "lines": [
          1,
          null,
          1,
          3,
          3,
          null,
          null,
          null
        ]
      },
      "/Users/cpfergus1/turing/module3/the-last-airbender/app/models/application_record.rb": {
        "lines": [
          0,
          0,
          0
        ],
        "branches": {
        }
      }
    },
    "timestamp": 1607710332
  }
}
